running egg_info
creating ../build/ros_qr_reader/ros_qr_reader.egg-info
writing ../build/ros_qr_reader/ros_qr_reader.egg-info/PKG-INFO
writing dependency_links to ../build/ros_qr_reader/ros_qr_reader.egg-info/dependency_links.txt
writing entry points to ../build/ros_qr_reader/ros_qr_reader.egg-info/entry_points.txt
writing requirements to ../build/ros_qr_reader/ros_qr_reader.egg-info/requires.txt
writing top-level names to ../build/ros_qr_reader/ros_qr_reader.egg-info/top_level.txt
writing manifest file '../build/ros_qr_reader/ros_qr_reader.egg-info/SOURCES.txt'
reading manifest file '../build/ros_qr_reader/ros_qr_reader.egg-info/SOURCES.txt'
adding license file 'LICENSE'
writing manifest file '../build/ros_qr_reader/ros_qr_reader.egg-info/SOURCES.txt'
running build
running build_py
creating /home/voltanie/ros2_ws/src/build/ros_qr_reader/build
creating /home/voltanie/ros2_ws/src/build/ros_qr_reader/build/lib
creating /home/voltanie/ros2_ws/src/build/ros_qr_reader/build/lib/ros_qr_reader
copying ros_qr_reader/__init__.py -> /home/voltanie/ros2_ws/src/build/ros_qr_reader/build/lib/ros_qr_reader
copying ros_qr_reader/qr_srv.py -> /home/voltanie/ros2_ws/src/build/ros_qr_reader/build/lib/ros_qr_reader
copying ros_qr_reader/qr_cli.py -> /home/voltanie/ros2_ws/src/build/ros_qr_reader/build/lib/ros_qr_reader
running install
running install_lib
creating /home/voltanie/ros2_ws/src/install/ros_qr_reader/lib/python3.10/site-packages/ros_qr_reader
copying /home/voltanie/ros2_ws/src/build/ros_qr_reader/build/lib/ros_qr_reader/__init__.py -> /home/voltanie/ros2_ws/src/install/ros_qr_reader/lib/python3.10/site-packages/ros_qr_reader
copying /home/voltanie/ros2_ws/src/build/ros_qr_reader/build/lib/ros_qr_reader/qr_srv.py -> /home/voltanie/ros2_ws/src/install/ros_qr_reader/lib/python3.10/site-packages/ros_qr_reader
copying /home/voltanie/ros2_ws/src/build/ros_qr_reader/build/lib/ros_qr_reader/qr_cli.py -> /home/voltanie/ros2_ws/src/install/ros_qr_reader/lib/python3.10/site-packages/ros_qr_reader
byte-compiling /home/voltanie/ros2_ws/src/install/ros_qr_reader/lib/python3.10/site-packages/ros_qr_reader/__init__.py to __init__.cpython-310.pyc
byte-compiling /home/voltanie/ros2_ws/src/install/ros_qr_reader/lib/python3.10/site-packages/ros_qr_reader/qr_srv.py to qr_srv.cpython-310.pyc
byte-compiling /home/voltanie/ros2_ws/src/install/ros_qr_reader/lib/python3.10/site-packages/ros_qr_reader/qr_cli.py to qr_cli.cpython-310.pyc
running install_data
creating /home/voltanie/ros2_ws/src/install/ros_qr_reader/share/ament_index
creating /home/voltanie/ros2_ws/src/install/ros_qr_reader/share/ament_index/resource_index
creating /home/voltanie/ros2_ws/src/install/ros_qr_reader/share/ament_index/resource_index/packages
copying resource/ros_qr_reader -> /home/voltanie/ros2_ws/src/install/ros_qr_reader/share/ament_index/resource_index/packages
copying package.xml -> /home/voltanie/ros2_ws/src/install/ros_qr_reader/share/ros_qr_reader
running install_egg_info
Copying ../build/ros_qr_reader/ros_qr_reader.egg-info to /home/voltanie/ros2_ws/src/install/ros_qr_reader/lib/python3.10/site-packages/ros_qr_reader-0.0.0-py3.10.egg-info
running install_scripts
Installing qr_code_client script to /home/voltanie/ros2_ws/src/install/ros_qr_reader/lib/ros_qr_reader
Installing qr_code_service script to /home/voltanie/ros2_ws/src/install/ros_qr_reader/lib/ros_qr_reader
writing list of installed files to '/home/voltanie/ros2_ws/src/build/ros_qr_reader/install.log'
