[0.312s] Invoking command in '/home/voltanie/ros2_ws/src/ros_qr_reader': PYTHONPATH=/home/voltanie/ros2_ws/src/build/ros_qr_reader/prefix_override:/usr/lib/python3/dist-packages/colcon_core/task/python/colcon_distutils_commands:/home/voltanie/ros2_ws/src/install/ros_qr_reader/lib/python3.10/site-packages:${PYTHONPATH} /usr/bin/python3 -W ignore:setup.py install is deprecated -W ignore:easy_install command is deprecated setup.py egg_info --egg-base ../build/ros_qr_reader build --build-base /home/voltanie/ros2_ws/src/build/ros_qr_reader/build install --record /home/voltanie/ros2_ws/src/build/ros_qr_reader/install.log --single-version-externally-managed install_data
[0.422s] running egg_info
[0.422s] writing ../build/ros_qr_reader/ros_qr_reader.egg-info/PKG-INFO
[0.426s] writing dependency_links to ../build/ros_qr_reader/ros_qr_reader.egg-info/dependency_links.txt
[0.426s] writing entry points to ../build/ros_qr_reader/ros_qr_reader.egg-info/entry_points.txt
[0.426s] writing requirements to ../build/ros_qr_reader/ros_qr_reader.egg-info/requires.txt
[0.426s] writing top-level names to ../build/ros_qr_reader/ros_qr_reader.egg-info/top_level.txt
[0.427s] reading manifest file '../build/ros_qr_reader/ros_qr_reader.egg-info/SOURCES.txt'
[0.428s] adding license file 'LICENSE'
[0.429s] writing manifest file '../build/ros_qr_reader/ros_qr_reader.egg-info/SOURCES.txt'
[0.429s] running build
[0.429s] running build_py
[0.430s] copying ros_qr_reader/qr_cli.py -> /home/voltanie/ros2_ws/src/build/ros_qr_reader/build/lib/ros_qr_reader
[0.430s] running install
[0.430s] running install_lib
[0.431s] copying /home/voltanie/ros2_ws/src/build/ros_qr_reader/build/lib/ros_qr_reader/qr_cli.py -> /home/voltanie/ros2_ws/src/install/ros_qr_reader/lib/python3.10/site-packages/ros_qr_reader
[0.431s] byte-compiling /home/voltanie/ros2_ws/src/install/ros_qr_reader/lib/python3.10/site-packages/ros_qr_reader/qr_cli.py to qr_cli.cpython-310.pyc
[0.431s] running install_data
[0.432s] running install_egg_info
[0.433s] removing '/home/voltanie/ros2_ws/src/install/ros_qr_reader/lib/python3.10/site-packages/ros_qr_reader-0.0.0-py3.10.egg-info' (and everything under it)
[0.433s] Copying ../build/ros_qr_reader/ros_qr_reader.egg-info to /home/voltanie/ros2_ws/src/install/ros_qr_reader/lib/python3.10/site-packages/ros_qr_reader-0.0.0-py3.10.egg-info
[0.433s] running install_scripts
[0.443s] Installing qr_code_client script to /home/voltanie/ros2_ws/src/install/ros_qr_reader/lib/ros_qr_reader
[0.443s] Installing qr_code_service script to /home/voltanie/ros2_ws/src/install/ros_qr_reader/lib/ros_qr_reader
[0.444s] writing list of installed files to '/home/voltanie/ros2_ws/src/build/ros_qr_reader/install.log'
[0.454s] Invoked command in '/home/voltanie/ros2_ws/src/ros_qr_reader' returned '0': PYTHONPATH=/home/voltanie/ros2_ws/src/build/ros_qr_reader/prefix_override:/usr/lib/python3/dist-packages/colcon_core/task/python/colcon_distutils_commands:/home/voltanie/ros2_ws/src/install/ros_qr_reader/lib/python3.10/site-packages:${PYTHONPATH} /usr/bin/python3 -W ignore:setup.py install is deprecated -W ignore:easy_install command is deprecated setup.py egg_info --egg-base ../build/ros_qr_reader build --build-base /home/voltanie/ros2_ws/src/build/ros_qr_reader/build install --record /home/voltanie/ros2_ws/src/build/ros_qr_reader/install.log --single-version-externally-managed install_data
