running egg_info
writing ../build/ros_qr_reader/ros_qr_reader.egg-info/PKG-INFO
writing dependency_links to ../build/ros_qr_reader/ros_qr_reader.egg-info/dependency_links.txt
writing entry points to ../build/ros_qr_reader/ros_qr_reader.egg-info/entry_points.txt
writing requirements to ../build/ros_qr_reader/ros_qr_reader.egg-info/requires.txt
writing top-level names to ../build/ros_qr_reader/ros_qr_reader.egg-info/top_level.txt
reading manifest file '../build/ros_qr_reader/ros_qr_reader.egg-info/SOURCES.txt'
adding license file 'LICENSE'
writing manifest file '../build/ros_qr_reader/ros_qr_reader.egg-info/SOURCES.txt'
running build
running build_py
copying ros_qr_reader/qr_srv.py -> /home/voltanie/ros2_ws/src/build/ros_qr_reader/build/lib/ros_qr_reader
running install
running install_lib
copying /home/voltanie/ros2_ws/src/build/ros_qr_reader/build/lib/ros_qr_reader/qr_srv.py -> /home/voltanie/ros2_ws/src/install/ros_qr_reader/lib/python3.10/site-packages/ros_qr_reader
byte-compiling /home/voltanie/ros2_ws/src/install/ros_qr_reader/lib/python3.10/site-packages/ros_qr_reader/qr_srv.py to qr_srv.cpython-310.pyc
running install_data
running install_egg_info
removing '/home/voltanie/ros2_ws/src/install/ros_qr_reader/lib/python3.10/site-packages/ros_qr_reader-0.0.0-py3.10.egg-info' (and everything under it)
Copying ../build/ros_qr_reader/ros_qr_reader.egg-info to /home/voltanie/ros2_ws/src/install/ros_qr_reader/lib/python3.10/site-packages/ros_qr_reader-0.0.0-py3.10.egg-info
running install_scripts
Installing qr_code_client script to /home/voltanie/ros2_ws/src/install/ros_qr_reader/lib/ros_qr_reader
Installing qr_code_service script to /home/voltanie/ros2_ws/src/install/ros_qr_reader/lib/ros_qr_reader
writing list of installed files to '/home/voltanie/ros2_ws/src/build/ros_qr_reader/install.log'
